Determining if the pthread_create exist failed with the following output:
Change Dir: /home/masayuki-y/my_first_controller/build/CMakeFiles/CMakeTmp

Run Build Command:"/usr/bin/make" "cmTC_987e7/fast"
/usr/bin/make -f CMakeFiles/cmTC_987e7.dir/build.make CMakeFiles/cmTC_987e7.dir/build
make[1]: ディレクトリ '/home/masayuki-y/my_first_controller/build/CMakeFiles/CMakeTmp' に入ります
Building CXX object CMakeFiles/cmTC_987e7.dir/CheckSymbolExists.cxx.o
/usr/bin/c++     -o CMakeFiles/cmTC_987e7.dir/CheckSymbolExists.cxx.o -c /home/masayuki-y/my_first_controller/build/CMakeFiles/CMakeTmp/CheckSymbolExists.cxx
Linking CXX executable cmTC_987e7
/usr/bin/cmake -E cmake_link_script CMakeFiles/cmTC_987e7.dir/link.txt --verbose=1
/usr/bin/c++       -rdynamic CMakeFiles/cmTC_987e7.dir/CheckSymbolExists.cxx.o  -o cmTC_987e7 
CMakeFiles/cmTC_987e7.dir/CheckSymbolExists.cxx.o: 関数 `main' 内:
CheckSymbolExists.cxx:(.text+0x1b): `pthread_create' に対する定義されていない参照です
collect2: error: ld returned 1 exit status
CMakeFiles/cmTC_987e7.dir/build.make:97: recipe for target 'cmTC_987e7' failed
make[1]: *** [cmTC_987e7] Error 1
make[1]: ディレクトリ '/home/masayuki-y/my_first_controller/build/CMakeFiles/CMakeTmp' から出ます
Makefile:126: recipe for target 'cmTC_987e7/fast' failed
make: *** [cmTC_987e7/fast] Error 2

File /home/masayuki-y/my_first_controller/build/CMakeFiles/CMakeTmp/CheckSymbolExists.cxx:
/* */
#include <pthread.h>

int main(int argc, char** argv)
{
  (void)argv;
#ifndef pthread_create
  return ((int*)(&pthread_create))[argc];
#else
  (void)argc;
  return 0;
#endif
}

Determining if the function pthread_create exists in the pthreads failed with the following output:
Change Dir: /home/masayuki-y/my_first_controller/build/CMakeFiles/CMakeTmp

Run Build Command:"/usr/bin/make" "cmTC_00843/fast"
/usr/bin/make -f CMakeFiles/cmTC_00843.dir/build.make CMakeFiles/cmTC_00843.dir/build
make[1]: ディレクトリ '/home/masayuki-y/my_first_controller/build/CMakeFiles/CMakeTmp' に入ります
Building CXX object CMakeFiles/cmTC_00843.dir/CheckFunctionExists.cxx.o
/usr/bin/c++    -DCHECK_FUNCTION_EXISTS=pthread_create   -o CMakeFiles/cmTC_00843.dir/CheckFunctionExists.cxx.o -c /home/masayuki-y/my_first_controller/build/CMakeFiles/CheckLibraryExists/CheckFunctionExists.cxx
Linking CXX executable cmTC_00843
/usr/bin/cmake -E cmake_link_script CMakeFiles/cmTC_00843.dir/link.txt --verbose=1
/usr/bin/c++   -DCHECK_FUNCTION_EXISTS=pthread_create    -rdynamic CMakeFiles/cmTC_00843.dir/CheckFunctionExists.cxx.o  -o cmTC_00843 -lpthreads 
/usr/bin/ld: -lpthreads が見つかりません
collect2: error: ld returned 1 exit status
CMakeFiles/cmTC_00843.dir/build.make:97: recipe for target 'cmTC_00843' failed
make[1]: *** [cmTC_00843] Error 1
make[1]: ディレクトリ '/home/masayuki-y/my_first_controller/build/CMakeFiles/CMakeTmp' から出ます
Makefile:126: recipe for target 'cmTC_00843/fast' failed
make: *** [cmTC_00843/fast] Error 2


